mode: atomic
github.com/kunwardeep/paralleltest/main.go:8.13,10.2 1 0
github.com/kunwardeep/paralleltest/pkg/paralleltest/paralleltest.go:18.39,25.2 1 1
github.com/kunwardeep/paralleltest/pkg/paralleltest/paralleltest.go:27.52,35.53 3 0
github.com/kunwardeep/paralleltest/pkg/paralleltest/paralleltest.go:112.2,112.17 1 0
github.com/kunwardeep/paralleltest/pkg/paralleltest/paralleltest.go:35.53,47.32 5 0
github.com/kunwardeep/paralleltest/pkg/paralleltest/paralleltest.go:51.3,51.40 1 0
github.com/kunwardeep/paralleltest/pkg/paralleltest/paralleltest.go:95.3,95.29 1 0
github.com/kunwardeep/paralleltest/pkg/paralleltest/paralleltest.go:99.3,99.60 1 0
github.com/kunwardeep/paralleltest/pkg/paralleltest/paralleltest.go:47.32,49.4 1 0
github.com/kunwardeep/paralleltest/pkg/paralleltest/paralleltest.go:51.40,52.25 1 0
github.com/kunwardeep/paralleltest/pkg/paralleltest/paralleltest.go:55.23,56.42 1 0
github.com/kunwardeep/paralleltest/pkg/paralleltest/paralleltest.go:64.24,67.42 2 0
github.com/kunwardeep/paralleltest/pkg/paralleltest/paralleltest.go:84.5,84.42 1 0
github.com/kunwardeep/paralleltest/pkg/paralleltest/paralleltest.go:56.42,57.32 1 0
github.com/kunwardeep/paralleltest/pkg/paralleltest/paralleltest.go:60.6,60.17 1 0
github.com/kunwardeep/paralleltest/pkg/paralleltest/paralleltest.go:57.32,59.7 1 0
github.com/kunwardeep/paralleltest/pkg/paralleltest/paralleltest.go:67.42,68.27 1 0
github.com/kunwardeep/paralleltest/pkg/paralleltest/paralleltest.go:79.6,79.17 1 0
github.com/kunwardeep/paralleltest/pkg/paralleltest/paralleltest.go:69.25,70.49 1 0
github.com/kunwardeep/paralleltest/pkg/paralleltest/paralleltest.go:70.49,74.44 3 0
github.com/kunwardeep/paralleltest/pkg/paralleltest/paralleltest.go:74.44,76.9 1 0
github.com/kunwardeep/paralleltest/pkg/paralleltest/paralleltest.go:84.42,86.43 2 0
github.com/kunwardeep/paralleltest/pkg/paralleltest/paralleltest.go:90.6,90.129 1 0
github.com/kunwardeep/paralleltest/pkg/paralleltest/paralleltest.go:86.43,88.7 1 0
github.com/kunwardeep/paralleltest/pkg/paralleltest/paralleltest.go:95.29,97.4 1 0
github.com/kunwardeep/paralleltest/pkg/paralleltest/paralleltest.go:99.60,100.40 1 0
github.com/kunwardeep/paralleltest/pkg/paralleltest/paralleltest.go:100.40,102.5 1 0
github.com/kunwardeep/paralleltest/pkg/paralleltest/paralleltest.go:102.10,103.36 1 0
github.com/kunwardeep/paralleltest/pkg/paralleltest/paralleltest.go:103.36,105.6 1 0
github.com/kunwardeep/paralleltest/pkg/paralleltest/paralleltest.go:105.11,105.46 1 0
github.com/kunwardeep/paralleltest/pkg/paralleltest/paralleltest.go:105.46,107.6 1 0
github.com/kunwardeep/paralleltest/pkg/paralleltest/paralleltest.go:115.127,116.25 1 0
github.com/kunwardeep/paralleltest/pkg/paralleltest/paralleltest.go:124.2,124.14 1 0
github.com/kunwardeep/paralleltest/pkg/paralleltest/paralleltest.go:116.25,117.32 1 0
github.com/kunwardeep/paralleltest/pkg/paralleltest/paralleltest.go:117.32,119.90 2 0
github.com/kunwardeep/paralleltest/pkg/paralleltest/paralleltest.go:119.90,121.5 1 0
github.com/kunwardeep/paralleltest/pkg/paralleltest/paralleltest.go:128.61,130.23 2 0
github.com/kunwardeep/paralleltest/pkg/paralleltest/paralleltest.go:143.2,143.40 1 0
github.com/kunwardeep/paralleltest/pkg/paralleltest/paralleltest.go:131.23,132.22 1 0
github.com/kunwardeep/paralleltest/pkg/paralleltest/paralleltest.go:137.3,137.22 1 0
github.com/kunwardeep/paralleltest/pkg/paralleltest/paralleltest.go:132.22,133.42 1 0
github.com/kunwardeep/paralleltest/pkg/paralleltest/paralleltest.go:133.42,135.5 1 0
github.com/kunwardeep/paralleltest/pkg/paralleltest/paralleltest.go:137.22,138.42 1 0
github.com/kunwardeep/paralleltest/pkg/paralleltest/paralleltest.go:138.42,140.5 1 0
github.com/kunwardeep/paralleltest/pkg/paralleltest/paralleltest.go:146.49,150.31 3 0
github.com/kunwardeep/paralleltest/pkg/paralleltest/paralleltest.go:156.2,156.18 1 0
github.com/kunwardeep/paralleltest/pkg/paralleltest/paralleltest.go:150.31,152.50 2 0
github.com/kunwardeep/paralleltest/pkg/paralleltest/paralleltest.go:152.50,154.4 1 0
github.com/kunwardeep/paralleltest/pkg/paralleltest/paralleltest.go:159.60,161.32 2 0
github.com/kunwardeep/paralleltest/pkg/paralleltest/paralleltest.go:175.2,175.29 1 0
github.com/kunwardeep/paralleltest/pkg/paralleltest/paralleltest.go:162.21,163.36 1 0
github.com/kunwardeep/paralleltest/pkg/paralleltest/paralleltest.go:163.36,164.29 1 0
github.com/kunwardeep/paralleltest/pkg/paralleltest/paralleltest.go:164.29,165.44 1 0
github.com/kunwardeep/paralleltest/pkg/paralleltest/paralleltest.go:165.44,166.31 1 0
github.com/kunwardeep/paralleltest/pkg/paralleltest/paralleltest.go:170.6,170.18 1 0
github.com/kunwardeep/paralleltest/pkg/paralleltest/paralleltest.go:166.31,169.7 2 0
github.com/kunwardeep/paralleltest/pkg/paralleltest/paralleltest.go:178.60,180.2 1 0
github.com/kunwardeep/paralleltest/pkg/paralleltest/paralleltest.go:182.63,184.2 1 0
github.com/kunwardeep/paralleltest/pkg/paralleltest/paralleltest.go:186.60,188.2 1 0
github.com/kunwardeep/paralleltest/pkg/paralleltest/paralleltest.go:190.63,191.26 1 0
github.com/kunwardeep/paralleltest/pkg/paralleltest/paralleltest.go:197.2,197.14 1 0
github.com/kunwardeep/paralleltest/pkg/paralleltest/paralleltest.go:192.21,193.47 1 0
github.com/kunwardeep/paralleltest/pkg/paralleltest/paralleltest.go:193.47,195.4 1 0
github.com/kunwardeep/paralleltest/pkg/paralleltest/paralleltest.go:201.61,202.26 1 0
github.com/kunwardeep/paralleltest/pkg/paralleltest/paralleltest.go:212.2,212.11 1 0
github.com/kunwardeep/paralleltest/pkg/paralleltest/paralleltest.go:203.21,204.30 1 0
github.com/kunwardeep/paralleltest/pkg/paralleltest/paralleltest.go:204.30,205.44 1 0
github.com/kunwardeep/paralleltest/pkg/paralleltest/paralleltest.go:205.44,206.38 1 0
github.com/kunwardeep/paralleltest/pkg/paralleltest/paralleltest.go:206.38,208.6 1 0
github.com/kunwardeep/paralleltest/pkg/paralleltest/paralleltest.go:216.50,220.72 3 0
github.com/kunwardeep/paralleltest/pkg/paralleltest/paralleltest.go:224.2,225.51 2 0
github.com/kunwardeep/paralleltest/pkg/paralleltest/paralleltest.go:235.2,235.14 1 0
github.com/kunwardeep/paralleltest/pkg/paralleltest/paralleltest.go:220.72,222.3 1 0
github.com/kunwardeep/paralleltest/pkg/paralleltest/paralleltest.go:225.51,226.58 1 0
github.com/kunwardeep/paralleltest/pkg/paralleltest/paralleltest.go:226.58,227.47 1 0
github.com/kunwardeep/paralleltest/pkg/paralleltest/paralleltest.go:227.47,228.47 1 0
github.com/kunwardeep/paralleltest/pkg/paralleltest/paralleltest.go:228.47,230.6 1 0
